# JRE version: Java(TM) SE Runtime Environment (17.0.2+8) (build 17.0.2+8-LTS-86)
# Java VM: Java HotSpot(TM) 64-Bit Server VM (17.0.2+8-LTS-86, mixed mode, sharing, tiered, compressed oops, compressed class ptrs, g1 gc, windows-amd64)
GC Precious Log:
 CPUs: 8 total, 8 available
 Memory: 14283M
 Large Page Support: Disabled
 NUMA Support: Disabled
 Compressed Oops: Enabled (Zero based)
 Heap Region Size: 2M
 Heap Min Capacity: 8M
 Heap Initial Capacity: 224M
 Heap Max Capacity: 3572M
 Pre-touch: Disabled
 Parallel Workers: 8
 Concurrent Workers: 2
 Concurrent Refinement Workers: 8
 Periodic GC: Disabled
Heap:
 garbage-first heap   total 579584K, used 147526K [0x0000000720c00000, 0x0000000800000000)
  region size 2048K, 10 young (20480K), 10 survivors (20480K)
 Metaspace       used 81736K, committed 82432K, reserved 1122304K
  class space    used 11518K, committed 11840K, reserved 1048576K
GC Heap History (20 events):
Event: 16.589 GC heap after
{Heap after GC invocations=42 (full 0):
 garbage-first heap   total 202752K, used 111699K [0x0000000720c00000, 0x0000000800000000)
  region size 2048K, 3 young (6144K), 3 survivors (6144K)
 Metaspace       used 78564K, committed 79296K, reserved 1122304K
  class space    used 11324K, committed 11648K, reserved 1048576K
}
Event: 16.861 GC heap before
{Heap before GC invocations=42 (full 0):
 garbage-first heap   total 202752K, used 158803K [0x0000000720c00000, 0x0000000800000000)
  region size 2048K, 27 young (55296K), 3 survivors (6144K)
 Metaspace       used 79306K, committed 80000K, reserved 1122304K
  class space    used 11448K, committed 11776K, reserved 1048576K
}
Event: 16.867 GC heap after
{Heap after GC invocations=43 (full 0):
 garbage-first heap   total 202752K, used 112619K [0x0000000720c00000, 0x0000000800000000)
  region size 2048K, 1 young (2048K), 1 survivors (2048K)
 Metaspace       used 79306K, committed 80000K, reserved 1122304K
  class space    used 11448K, committed 11776K, reserved 1048576K
}
Event: 17.259 GC heap before
{Heap before GC invocations=44 (full 0):
 garbage-first heap   total 229376K, used 161771K [0x0000000720c00000, 0x0000000800000000)
  region size 2048K, 26 young (53248K), 1 survivors (2048K)
 Metaspace       used 79810K, committed 80576K, reserved 1122304K
  class space    used 11447K, committed 11776K, reserved 1048576K
}
Event: 17.266 GC heap after
{Heap after GC invocations=45 (full 0):
 garbage-first heap   total 229376K, used 116908K [0x0000000720c00000, 0x0000000800000000)
  region size 2048K, 4 young (8192K), 4 survivors (8192K)
 Metaspace       used 79810K, committed 80576K, reserved 1122304K
  class space    used 11447K, committed 11776K, reserved 1048576K
}
Event: 17.276 GC heap before
{Heap before GC invocations=45 (full 0):
 garbage-first heap   total 229376K, used 118956K [0x0000000720c00000, 0x0000000800000000)
  region size 2048K, 5 young (10240K), 4 survivors (8192K)
 Metaspace       used 79814K, committed 80576K, reserved 1122304K
  class space    used 11450K, committed 11776K, reserved 1048576K
}
Event: 17.286 GC heap after
{Heap after GC invocations=46 (full 0):
 garbage-first heap   total 579584K, used 116374K [0x0000000720c00000, 0x0000000800000000)
  region size 2048K, 1 young (2048K), 1 survivors (2048K)
 Metaspace       used 79814K, committed 80576K, reserved 1122304K
  class space    used 11450K, committed 11776K, reserved 1048576K
}
Event: 18.367 GC heap before
{Heap before GC invocations=46 (full 0):
 garbage-first heap   total 579584K, used 429718K [0x0000000720c00000, 0x0000000800000000)
  region size 2048K, 154 young (315392K), 1 survivors (2048K)
 Metaspace       used 80272K, committed 81024K, reserved 1122304K
  class space    used 11497K, committed 11840K, reserved 1048576K
}
Event: 18.374 GC heap after
{Heap after GC invocations=47 (full 0):
 garbage-first heap   total 579584K, used 120266K [0x0000000720c00000, 0x0000000800000000)
  region size 2048K, 3 young (6144K), 3 survivors (6144K)
 Metaspace       used 80272K, committed 81024K, reserved 1122304K
  class space    used 11497K, committed 11840K, reserved 1048576K
}
Event: 19.232 GC heap before
{Heap before GC invocations=47 (full 0):
 garbage-first heap   total 579584K, used 460234K [0x0000000720c00000, 0x0000000800000000)
  region size 2048K, 169 young (346112K), 3 survivors (6144K)
 Metaspace       used 80853K, committed 81600K, reserved 1122304K
  class space    used 11510K, committed 11840K, reserved 1048576K
}
Event: 19.245 GC heap after
{Heap after GC invocations=48 (full 0):
 garbage-first heap   total 579584K, used 123067K [0x0000000720c00000, 0x0000000800000000)
  region size 2048K, 4 young (8192K), 4 survivors (8192K)
 Metaspace       used 80853K, committed 81600K, reserved 1122304K
  class space    used 11510K, committed 11840K, reserved 1048576K
}
Event: 19.909 GC heap before
{Heap before GC invocations=48 (full 0):
 garbage-first heap   total 579584K, used 458939K [0x0000000720c00000, 0x0000000800000000)
  region size 2048K, 169 young (346112K), 4 survivors (8192K)
 Metaspace       used 81212K, committed 81984K, reserved 1122304K
  class space    used 11516K, committed 11840K, reserved 1048576K
}
Event: 19.926 GC heap after
{Heap after GC invocations=49 (full 0):
 garbage-first heap   total 579584K, used 134269K [0x0000000720c00000, 0x0000000800000000)
  region size 2048K, 10 young (20480K), 10 survivors (20480K)
 Metaspace       used 81212K, committed 81984K, reserved 1122304K
  class space    used 11516K, committed 11840K, reserved 1048576K
}
Event: 20.664 GC heap before
{Heap before GC invocations=49 (full 0):
 garbage-first heap   total 579584K, used 457853K [0x0000000720c00000, 0x0000000800000000)
  region size 2048K, 169 young (346112K), 10 survivors (20480K)
 Metaspace       used 81461K, committed 82176K, reserved 1122304K
  class space    used 11517K, committed 11840K, reserved 1048576K
}
Event: 20.682 GC heap after
{Heap after GC invocations=50 (full 0):
 garbage-first heap   total 579584K, used 136629K [0x0000000720c00000, 0x0000000800000000)
  region size 2048K, 11 young (22528K), 11 survivors (22528K)
 Metaspace       used 81461K, committed 82176K, reserved 1122304K
  class space    used 11517K, committed 11840K, reserved 1048576K
}
Event: 21.199 GC heap before
{Heap before GC invocations=50 (full 0):
 garbage-first heap   total 579584K, used 460213K [0x0000000720c00000, 0x0000000800000000)
  region size 2048K, 169 young (346112K), 11 survivors (22528K)
 Metaspace       used 81535K, committed 82240K, reserved 1122304K
  class space    used 11518K, committed 11840K, reserved 1048576K
}
Event: 21.221 GC heap after
{Heap after GC invocations=51 (full 0):
 garbage-first heap   total 579584K, used 140096K [0x0000000720c00000, 0x0000000800000000)
  region size 2048K, 12 young (24576K), 12 survivors (24576K)
 Metaspace       used 81535K, committed 82240K, reserved 1122304K
  class space    used 11518K, committed 11840K, reserved 1048576K
}
Event: 21.968 GC heap before
{Heap before GC invocations=51 (full 0):
 garbage-first heap   total 579584K, used 459584K [0x0000000720c00000, 0x0000000800000000)
  region size 2048K, 169 young (346112K), 12 survivors (24576K)
 Metaspace       used 81689K, committed 82368K, reserved 1122304K
  class space    used 11518K, committed 11840K, reserved 1048576K
}
Event: 21.989 GC heap after
{Heap after GC invocations=52 (full 0):
 garbage-first heap   total 579584K, used 145343K [0x0000000720c00000, 0x0000000800000000)
  region size 2048K, 14 young (28672K), 14 survivors (28672K)
 Metaspace       used 81689K, committed 82368K, reserved 1122304K
  class space    used 11518K, committed 11840K, reserved 1048576K
}
Event: 22.555 GC heap before
{Heap before GC invocations=52 (full 0):
 garbage-first heap   total 579584K, used 460735K [0x0000000720c00000, 0x0000000800000000)
  region size 2048K, 169 young (346112K), 14 survivors (28672K)
 Metaspace       used 81736K, committed 82432K, reserved 1122304K
  class space    used 11518K, committed 11840K, reserved 1048576K
}

