# JRE version: Java(TM) SE Runtime Environment (17.0.2+8) (build 17.0.2+8-LTS-86)
# Java VM: Java HotSpot(TM) 64-Bit Server VM (17.0.2+8-LTS-86, mixed mode, sharing, tiered, compressed oops, compressed class ptrs, g1 gc, windows-amd64)
GC Precious Log:
 CPUs: 8 total, 8 available
 Memory: 14283M
 Large Page Support: Disabled
 NUMA Support: Disabled
 Compressed Oops: Enabled (Zero based)
 Heap Region Size: 2M
 Heap Min Capacity: 8M
 Heap Initial Capacity: 224M
 Heap Max Capacity: 3572M
 Pre-touch: Disabled
 Parallel Workers: 8
 Concurrent Workers: 2
 Concurrent Refinement Workers: 8
 Periodic GC: Disabled
Heap:
 garbage-first heap   total 479232K, used 235369K [0x0000000720c00000, 0x0000000800000000)
  region size 2048K, 9 young (18432K), 9 survivors (18432K)
 Metaspace       used 129283K, committed 130688K, reserved 1163264K
  class space    used 16916K, committed 17600K, reserved 1048576K
GC Heap History (20 events):
Event: 142.827 GC heap after
{Heap after GC invocations=38 (full 0):
 garbage-first heap   total 325632K, used 164798K [0x0000000720c00000, 0x0000000800000000)
  region size 2048K, 1 young (2048K), 1 survivors (2048K)
 Metaspace       used 100282K, committed 101440K, reserved 1138688K
  class space    used 13345K, committed 13888K, reserved 1048576K
}
Event: 145.875 GC heap before
{Heap before GC invocations=38 (full 0):
 garbage-first heap   total 325632K, used 269246K [0x0000000720c00000, 0x0000000800000000)
  region size 2048K, 52 young (106496K), 1 survivors (2048K)
 Metaspace       used 109343K, committed 110464K, reserved 1146880K
  class space    used 14376K, committed 14912K, reserved 1048576K
}
Event: 145.888 GC heap after
{Heap after GC invocations=39 (full 0):
 garbage-first heap   total 479232K, used 179722K [0x0000000720c00000, 0x0000000800000000)
  region size 2048K, 7 young (14336K), 7 survivors (14336K)
 Metaspace       used 109343K, committed 110464K, reserved 1146880K
  class space    used 14376K, committed 14912K, reserved 1048576K
}
Event: 151.906 GC heap before
{Heap before GC invocations=39 (full 0):
 garbage-first heap   total 479232K, used 384522K [0x0000000720c00000, 0x0000000800000000)
  region size 2048K, 108 young (221184K), 7 survivors (14336K)
 Metaspace       used 112229K, committed 113408K, reserved 1146880K
  class space    used 14615K, committed 15168K, reserved 1048576K
}
Event: 151.925 GC heap after
{Heap after GC invocations=40 (full 0):
 garbage-first heap   total 479232K, used 183818K [0x0000000720c00000, 0x0000000800000000)
  region size 2048K, 9 young (18432K), 9 survivors (18432K)
 Metaspace       used 112229K, committed 113408K, reserved 1146880K
  class space    used 14615K, committed 15168K, reserved 1048576K
}
Event: 158.707 GC heap before
{Heap before GC invocations=40 (full 0):
 garbage-first heap   total 479232K, used 388618K [0x0000000720c00000, 0x0000000800000000)
  region size 2048K, 109 young (223232K), 9 survivors (18432K)
 Metaspace       used 120574K, committed 121984K, reserved 1155072K
  class space    used 15695K, committed 16384K, reserved 1048576K
}
Event: 158.726 GC heap after
{Heap after GC invocations=41 (full 0):
 garbage-first heap   total 479232K, used 196171K [0x0000000720c00000, 0x0000000800000000)
  region size 2048K, 10 young (20480K), 10 survivors (20480K)
 Metaspace       used 120574K, committed 121984K, reserved 1155072K
  class space    used 15695K, committed 16384K, reserved 1048576K
}
Event: 159.958 GC heap before
{Heap before GC invocations=41 (full 0):
 garbage-first heap   total 479232K, used 386635K [0x0000000720c00000, 0x0000000800000000)
  region size 2048K, 104 young (212992K), 10 survivors (20480K)
 Metaspace       used 127507K, committed 128832K, reserved 1163264K
  class space    used 16865K, committed 17536K, reserved 1048576K
}
Event: 159.986 GC heap after
{Heap after GC invocations=42 (full 0):
 garbage-first heap   total 479232K, used 215574K [0x0000000720c00000, 0x0000000800000000)
  region size 2048K, 12 young (24576K), 12 survivors (24576K)
 Metaspace       used 127507K, committed 128832K, reserved 1163264K
  class space    used 16865K, committed 17536K, reserved 1048576K
}
Event: 160.912 GC heap before
{Heap before GC invocations=42 (full 0):
 garbage-first heap   total 479232K, used 383510K [0x0000000720c00000, 0x0000000800000000)
  region size 2048K, 95 young (194560K), 12 survivors (24576K)
 Metaspace       used 128160K, committed 129600K, reserved 1163264K
  class space    used 16900K, committed 17600K, reserved 1048576K
}
Event: 160.926 GC heap after
{Heap after GC invocations=43 (full 0):
 garbage-first heap   total 479232K, used 216396K [0x0000000720c00000, 0x0000000800000000)
  region size 2048K, 3 young (6144K), 3 survivors (6144K)
 Metaspace       used 128160K, committed 129600K, reserved 1163264K
  class space    used 16900K, committed 17600K, reserved 1048576K
}
Event: 161.527 GC heap before
{Heap before GC invocations=43 (full 0):
 garbage-first heap   total 479232K, used 388428K [0x0000000720c00000, 0x0000000800000000)
  region size 2048K, 88 young (180224K), 3 survivors (6144K)
 Metaspace       used 128459K, committed 129856K, reserved 1163264K
  class space    used 16910K, committed 17600K, reserved 1048576K
}
Event: 161.539 GC heap after
{Heap after GC invocations=44 (full 0):
 garbage-first heap   total 479232K, used 221685K [0x0000000720c00000, 0x0000000800000000)
  region size 2048K, 6 young (12288K), 6 survivors (12288K)
 Metaspace       used 128459K, committed 129856K, reserved 1163264K
  class space    used 16910K, committed 17600K, reserved 1048576K
}
Event: 162.145 GC heap before
{Heap before GC invocations=44 (full 0):
 garbage-first heap   total 479232K, used 391669K [0x0000000720c00000, 0x0000000800000000)
  region size 2048K, 89 young (182272K), 6 survivors (12288K)
 Metaspace       used 128837K, committed 130240K, reserved 1163264K
  class space    used 16915K, committed 17600K, reserved 1048576K
}
Event: 162.156 GC heap after
{Heap after GC invocations=45 (full 0):
 garbage-first heap   total 479232K, used 226068K [0x0000000720c00000, 0x0000000800000000)
  region size 2048K, 8 young (16384K), 8 survivors (16384K)
 Metaspace       used 128837K, committed 130240K, reserved 1163264K
  class space    used 16915K, committed 17600K, reserved 1048576K
}
Event: 162.548 GC heap before
{Heap before GC invocations=45 (full 0):
 garbage-first heap   total 479232K, used 394004K [0x0000000720c00000, 0x0000000800000000)
  region size 2048K, 91 young (186368K), 8 survivors (16384K)
 Metaspace       used 129019K, committed 130432K, reserved 1163264K
  class space    used 16915K, committed 17600K, reserved 1048576K
}
Event: 162.561 GC heap after
{Heap after GC invocations=46 (full 0):
 garbage-first heap   total 479232K, used 229020K [0x0000000720c00000, 0x0000000800000000)
  region size 2048K, 6 young (12288K), 6 survivors (12288K)
 Metaspace       used 129019K, committed 130432K, reserved 1163264K
  class space    used 16915K, committed 17600K, reserved 1048576K
}
Event: 162.955 GC heap before
{Heap before GC invocations=46 (full 0):
 garbage-first heap   total 479232K, used 401052K [0x0000000720c00000, 0x0000000800000000)
  region size 2048K, 90 young (184320K), 6 survivors (12288K)
 Metaspace       used 129219K, committed 130624K, reserved 1163264K
  class space    used 16916K, committed 17600K, reserved 1048576K
}
Event: 162.966 GC heap after
{Heap after GC invocations=47 (full 0):
 garbage-first heap   total 479232K, used 230455K [0x0000000720c00000, 0x0000000800000000)
  region size 2048K, 6 young (12288K), 6 survivors (12288K)
 Metaspace       used 129219K, committed 130624K, reserved 1163264K
  class space    used 16916K, committed 17600K, reserved 1048576K
}
Event: 163.279 GC heap before
{Heap before GC invocations=47 (full 0):
 garbage-first heap   total 479232K, used 404535K [0x0000000720c00000, 0x0000000800000000)
  region size 2048K, 92 young (188416K), 6 survivors (12288K)
 Metaspace       used 129283K, committed 130688K, reserved 1163264K
  class space    used 16916K, committed 17600K, reserved 1048576K
}

